<?xml version="1.0" encoding="UTF-8"?>
<!-- Generated by org.testng.reporters.JUnitXMLReporter -->
<testsuite ignored="2" hostname="aniket" failures="0" tests="1" name="Default test" time="7.748" errors="0" timestamp="2023-12-05T10:24:25 IST">
  <testcase classname="TestNG.executionTest" name="Facebook" time="7.707"/>
  <testcase classname="TestNG.executionTest" name="swiggy" time="0.0">
    <ignored/>
  </testcase> <!-- swiggy -->
  <testcase classname="TestNG.executionTest" name="Zomato" time="0.0">
    <ignored/>
  </testcase> <!-- Zomato -->
</testsuite> <!-- Default test -->
