<?xml version="1.0" encoding="UTF-8"?>
<!-- Generated by org.testng.reporters.JUnitXMLReporter -->
<testsuite ignored="1" hostname="aniket" failures="0" tests="2" name="Test" time="8.545" errors="0" timestamp="2023-12-04T10:47:13 IST">
  <testcase classname="TestNG.execution1" name="Zomato" time="6.2"/>
  <testcase classname="TestNG.execution1" name="swiggy" time="2.294"/>
  <testcase classname="TestNG.execution1" name="Facebook" time="0.0">
    <ignored/>
  </testcase> <!-- Facebook -->
</testsuite> <!-- Test -->
