<?xml version="1.0" encoding="UTF-8"?>
<testng-results ignored="2" total="3" passed="1" failed="0" skipped="0">
  <reporter-output>
  </reporter-output>
  <suite started-at="2023-12-05T10:24:17 IST" name="Default suite" finished-at="2023-12-05T10:24:25 IST" duration-ms="7748">
    <groups>
    </groups>
    <test started-at="2023-12-05T10:24:17 IST" name="Default test" finished-at="2023-12-05T10:24:25 IST" duration-ms="7748">
      <class name="TestNG.executionTest">
        <test-method signature="Facebook()[pri:0, instance:TestNG.executionTest@57cf54e1]" started-at="2023-12-05T10:24:17 IST" name="Facebook" finished-at="2023-12-05T10:24:25 IST" duration-ms="7707" status="PASS">
          <reporter-output>
          </reporter-output>
        </test-method> <!-- Facebook -->
      </class> <!-- TestNG.executionTest -->
    </test> <!-- Default test -->
  </suite> <!-- Default suite -->
</testng-results>
