<?xml version="1.0" encoding="UTF-8"?>
<testng-results ignored="0" total="1" passed="1" failed="0" skipped="0">
  <reporter-output>
  </reporter-output>
  <suite started-at="2023-12-01T09:44:40 IST" name="Default suite" finished-at="2023-12-01T09:44:45 IST" duration-ms="4899">
    <groups>
    </groups>
    <test started-at="2023-12-01T09:44:40 IST" name="Default test" finished-at="2023-12-01T09:44:45 IST" duration-ms="4899">
      <class name="TestNG.demoTest">
        <test-method signature="FacebookTest()[pri:0, instance:TestNG.demoTest@342c38f8]" started-at="2023-12-01T09:44:40 IST" name="FacebookTest" finished-at="2023-12-01T09:44:45 IST" duration-ms="4867" status="PASS">
          <reporter-output>
          </reporter-output>
        </test-method> <!-- FacebookTest -->
      </class> <!-- TestNG.demoTest -->
    </test> <!-- Default test -->
  </suite> <!-- Default suite -->
</testng-results>
